0 info it worked if it ends with ok
1 verbose cli [ 'C:\\Program Files\\nodejs\\\\node.exe',
1 verbose cli   'C:\\Program Files\\nodejs\\node_modules\\npm\\bin\\npm-cli.js',
1 verbose cli   'install',
1 verbose cli   'receive.js' ]
2 info using npm@2.5.1
3 info using node@v0.12.0
4 verbose node symlink C:\Program Files\nodejs\\node.exe
5 warn package.json alerts@1.0.0 No description
6 warn package.json alerts@1.0.0 No README data
7 warn package.json string_decoder@0.10.31 string_decoder is also the name of a node core module.
8 silly cache add args [ 'receive.js', null ]
9 verbose cache add spec receive.js
10 silly cache add parsed spec { raw: 'receive.js',
10 silly cache add   scope: null,
10 silly cache add   name: null,
10 silly cache add   rawSpec: 'receive.js',
10 silly cache add   spec: 'C:\\Alerts\\alerts\\receive.js',
10 silly cache add   type: 'local' }
11 silly addLocalTarball shasum (computed) a2bbb1969d46b4103796a6e89b15322094c93579
12 verbose addTmpTarball C:\Alerts\alerts\receive.js not in flight; adding
13 verbose addTmpTarball validating metadata from C:\Alerts\alerts\receive.js
14 verbose tar unpack C:\Alerts\alerts\receive.js
15 verbose tar unpacking to C:\Users\IL6\AppData\Local\Temp\npm-5260-1fc4ef8f\unpack-5f2ef456277a
16 verbose gentlyRm vacuuming C:\Users\IL6\AppData\Local\Temp\npm-5260-1fc4ef8f\unpack-5f2ef456277a
17 silly gunzTarPerm modes [ '777', '666' ]
18 error not a package C:\Alerts\alerts\receive.js
19 error addLocal Could not install C:\Alerts\alerts\receive.js
20 verbose stack Error: ENOENT, open 'C:\Users\IL6\AppData\Local\Temp\npm-5260-1fc4ef8f\unpack-5f2ef456277a\package.json'
20 verbose stack     at Error (native)
21 verbose cwd C:\Alerts\alerts
22 error Windows_NT 6.1.7601
23 error argv "C:\\Program Files\\nodejs\\\\node.exe" "C:\\Program Files\\nodejs\\node_modules\\npm\\bin\\npm-cli.js" "install" "receive.js"
24 error node v0.12.0
25 error npm  v2.5.1
26 error path C:\Users\IL6\AppData\Local\Temp\npm-5260-1fc4ef8f\unpack-5f2ef456277a\package.json
27 error code ENOENT
28 error errno -4058
29 error enoent ENOENT, open 'C:\Users\IL6\AppData\Local\Temp\npm-5260-1fc4ef8f\unpack-5f2ef456277a\package.json'
29 error enoent This is most likely not a problem with npm itself
29 error enoent and is related to npm not being able to find a file.
30 verbose exit [ -4058, true ]
